2020-07-17 12:15:34 -- Login failed: "As you have 3 or more accounts" not found after enter password
2020-07-17 12:15:54 -- Already logged in
2020-07-17 12:18:06 -- Already logged in
2020-07-17 12:23:19 -- Login failed: "As you have 3 or more accounts" not found after enter password
2020-07-17 12:23:40 -- Already logged in
2020-07-17 12:31:27 -- Login failed: "As you have 3 or more accounts" not found after enter password
2020-07-17 12:31:48 -- Already logged in
2020-07-17 12:56:57 -- Login failed: "As you have 3 or more accounts" not found after enter password
2020-07-17 12:57:17 -- Already logged in
2020-07-17 13:02:53 -- Login failed: "As you have 3 or more accounts" not found after enter password
2020-07-17 13:03:13 -- Already logged in
2020-07-17 13:09:17 -- Login failed: "As you have 3 or more accounts" not found after enter password
2020-07-17 13:09:38 -- Already logged in
2020-07-17 13:15:44 -- Login failed: id="api" not found in MyAccount/Accounts
2020-07-17 13:15:59 -- Login failed: "As you have 3 or more accounts" not found after enter password
2020-07-17 13:16:08 -- Login failed: "As you have 3 or more accounts" not found after enter password
2020-07-17 13:16:14 -- Already logged in
2020-07-17 13:19:44 -- Login failed: "As you have 3 or more accounts" not found after enter password
2020-07-17 13:21:09 -- Login failed: id="api" not found in MyAccount/Accounts
2020-07-17 13:21:33 -- Login succeed
2020-07-17 13:21:37 -- Already logged in
2020-07-17 13:27:22 -- Login failed: id="api" not found in MyAccount/Accounts
2020-07-17 13:27:45 -- Login succeed
2020-07-17 13:27:50 -- Already logged in
2020-07-17 13:29:36 -- Already logged in
2020-07-17 13:38:42 -- Login failed: id="api" not found in MyAccount/Accounts
2020-07-17 13:39:09 -- Login succeed
2020-07-17 13:39:13 -- Already logged in
2020-07-17 13:41:09 -- Login failed: id="api" not found in MyAccount/Accounts
2020-07-17 13:41:27 -- Login failed: "As you have 3 or more accounts" not found after enter password
2020-07-17 13:41:35 -- Already logged in
2020-07-17 13:47:39 -- Login failed: id="api" not found in MyAccount/Accounts
2020-07-17 13:48:06 -- Login succeed
2020-07-17 13:48:11 -- Already logged in
2020-07-17 13:53:53 -- Login failed: id="api" not found in MyAccount/Accounts
2020-07-17 13:54:14 -- Login succeed
2020-07-17 13:54:18 -- Already logged in
2020-07-17 14:10:36 -- Login failed: id="api" not found in MyAccount/Accounts
2020-07-17 14:11:00 -- Login succeed
2020-07-17 14:11:04 -- Already logged in
2020-07-17 14:16:19 -- Login failed: id="api" not found in MyAccount/Accounts
2020-07-17 14:16:43 -- Login succeed
2020-07-17 14:16:47 -- Already logged in
2020-07-18 08:40:41 -- Login succeed
2020-07-18 08:51:34 -- Login failed: "As you have 3 or more accounts" not found after enter password
2020-07-18 08:51:42 -- Already logged in
2020-07-18 09:22:20 -- Login succeed
2020-07-18 09:50:07 -- 4001542-03: Not found donwload link in 5 attempts
2020-07-18 10:06:41 -- 0124258-01: Not found donwload link in 5 attempts
2020-07-18 10:22:59 -- Login succeed
2020-07-18 11:52:20 -- Login succeed
2020-07-18 12:23:35 -- 4001542-03: Not found donwload link in 5 attempts
2020-07-18 12:33:54 -- Login failed: "As you have 3 or more accounts" not found after enter password
2020-07-18 12:34:02 -- Already logged in
2020-07-18 13:06:42 -- 4001542-03: Not found donwload link in 3 attempts
2020-07-18 13:17:33 -- 0124258-01: Not found donwload link in 3 attempts
2020-07-18 13:34:45 -- Login succeed
2020-07-18 19:59:05 -- Login succeed
2020-07-18 20:07:03 -- Login succeed
2020-07-18 20:07:12 -- 5452890-01: Account does not exist
2020-07-18 20:11:06 -- Login failed: "As you have 3 or more accounts" not found after enter password
2020-07-18 20:11:12 -- Already logged in
2020-07-18 20:11:28 -- 5452890-01: Account does not exist
2020-07-18 20:18:58 -- Login succeed
2020-07-18 20:19:08 -- 5452890-01: Account does not exist
2020-07-18 20:20:46 -- Login succeed
2020-07-18 20:20:54 -- 5452890-01: Account does not exist
2020-07-18 20:32:49 -- Login failed: id="api" not found in MyAccount/Accounts
2020-07-18 20:33:24 -- Login succeed
2020-07-18 20:39:44 -- 5452890-01: Account does not exist
2020-07-18 20:47:28 -- Login succeed
2020-07-18 20:47:37 -- 5452890-01: Account does not exist
2020-07-18 20:53:00 -- Login failed: "As you have 3 or more accounts" not found after enter password
2020-07-18 20:53:06 -- Already logged in
2020-07-18 20:53:17 -- 5452890-01: Account does not exist
2020-08-11 17:13:56 -- Login failed: "As you have 3 or more accounts" not found after enter password
2020-08-11 17:14:32 -- Login failed: "As you have 3 or more accounts" not found after enter password
2020-08-11 17:14:45 -- Login failed: "As you have 3 or more accounts" not found after enter password
2020-08-11 17:14:56 -- Login failed: "As you have 3 or more accounts" not found after enter password
2020-08-11 17:15:08 -- Login failed: "As you have 3 or more accounts" not found after enter password
2020-08-11 17:16:45 -- Login succeed
2020-08-11 17:16:54 -- 5452890-01: Account does not exist
